[Info] Start offline testing, model: out_prod/TR/1000000/2020-04-08_22-10-53_rscale_False_statevars_8_hidinit_glorot_uniform_hidact_leakyrelu_batch_32_mem_200000_1000_opt_sgd_lr_0.01_isplit_n_100_k_10_d_0.01/1/models/weights_1000056.h5
[Info] Offline Testing with N=200, K=10, Delta=0.01. Num iterations=50
 67/inf: episode: 1, level: 0, particle: 0, episode steps: 67, episode reward: 0.8444, episode rob: 0.1691, new memory entries: 68
 133/inf: episode: 2, level: 0, particle: 1, episode steps: 66, episode reward: 0.8597, episode rob: 0.1512, new memory entries: 67
 200/inf: episode: 3, level: 0, particle: 2, episode steps: 67, episode reward: 0.8701, episode rob: 0.1391, new memory entries: 68
 267/inf: episode: 4, level: 0, particle: 3, episode steps: 67, episode reward: 0.8592, episode rob: 0.1518, new memory entries: 68
 333/inf: episode: 5, level: 0, particle: 4, episode steps: 66, episode reward: 0.8602, episode rob: 0.1506, new memory entries: 67
 400/inf: episode: 6, level: 0, particle: 5, episode steps: 67, episode reward: 0.8978, episode rob: 0.1079, new memory entries: 68
 466/inf: episode: 7, level: 0, particle: 6, episode steps: 66, episode reward: 0.8974, episode rob: 0.1083, new memory entries: 67
 532/inf: episode: 8, level: 0, particle: 7, episode steps: 66, episode reward: 0.8993, episode rob: 0.1061, new memory entries: 67
 599/inf: episode: 9, level: 0, particle: 8, episode steps: 67, episode reward: 0.8350, episode rob: 0.1803, new memory entries: 68
 666/inf: episode: 10, level: 0, particle: 9, episode steps: 67, episode reward: 0.8786, episode rob: 0.1294, new memory entries: 68
 732/inf: episode: 11, level: 0, particle: 10, episode steps: 66, episode reward: 0.8827, episode rob: 0.1247, new memory entries: 67
 799/inf: episode: 12, level: 0, particle: 11, episode steps: 67, episode reward: 0.8426, episode rob: 0.1713, new memory entries: 68
 865/inf: episode: 13, level: 0, particle: 12, episode steps: 66, episode reward: 0.8732, episode rob: 0.1356, new memory entries: 67
 932/inf: episode: 14, level: 0, particle: 13, episode steps: 67, episode reward: 0.8681, episode rob: 0.1415, new memory entries: 68
 999/inf: episode: 15, level: 0, particle: 14, episode steps: 67, episode reward: 0.8692, episode rob: 0.1402, new memory entries: 68
 1066/inf: episode: 16, level: 0, particle: 15, episode steps: 67, episode reward: 0.8417, episode rob: 0.1724, new memory entries: 68
 1133/inf: episode: 17, level: 0, particle: 16, episode steps: 67, episode reward: 0.8760, episode rob: 0.1324, new memory entries: 68
 1200/inf: episode: 18, level: 0, particle: 17, episode steps: 67, episode reward: 0.8221, episode rob: 0.1959, new memory entries: 68
 1266/inf: episode: 19, level: 0, particle: 18, episode steps: 66, episode reward: 0.8600, episode rob: 0.1508, new memory entries: 67
 1332/inf: episode: 20, level: 0, particle: 19, episode steps: 66, episode reward: 0.8692, episode rob: 0.1402, new memory entries: 67
 1398/inf: episode: 21, level: 0, particle: 20, episode steps: 66, episode reward: 0.8792, episode rob: 0.1288, new memory entries: 67
 1465/inf: episode: 22, level: 0, particle: 21, episode steps: 67, episode reward: 0.8172, episode rob: 0.2019, new memory entries: 68
 1531/inf: episode: 23, level: 0, particle: 22, episode steps: 66, episode reward: 0.8701, episode rob: 0.1392, new memory entries: 67
 1598/inf: episode: 24, level: 0, particle: 23, episode steps: 67, episode reward: 0.8184, episode rob: 0.2004, new memory entries: 68
 1665/inf: episode: 25, level: 0, particle: 24, episode steps: 67, episode reward: 0.8498, episode rob: 0.1628, new memory entries: 68
 1732/inf: episode: 26, level: 0, particle: 25, episode steps: 67, episode reward: 0.8383, episode rob: 0.1764, new memory entries: 68
 1798/inf: episode: 27, level: 0, particle: 26, episode steps: 66, episode reward: 0.8598, episode rob: 0.1511, new memory entries: 67
 1865/inf: episode: 28, level: 0, particle: 27, episode steps: 67, episode reward: 0.8613, episode rob: 0.1493, new memory entries: 68
 1931/inf: episode: 29, level: 0, particle: 28, episode steps: 66, episode reward: 0.8625, episode rob: 0.1479, new memory entries: 67
 1998/inf: episode: 30, level: 0, particle: 29, episode steps: 67, episode reward: 0.8241, episode rob: 0.1935, new memory entries: 68
 2066/inf: episode: 31, level: 0, particle: 30, episode steps: 68, episode reward: 0.8619, episode rob: 0.1486, new memory entries: 69
 2133/inf: episode: 32, level: 0, particle: 31, episode steps: 67, episode reward: 0.8318, episode rob: 0.1841, new memory entries: 68
 2200/inf: episode: 33, level: 0, particle: 32, episode steps: 67, episode reward: 0.8591, episode rob: 0.1518, new memory entries: 68
 2267/inf: episode: 34, level: 0, particle: 33, episode steps: 67, episode reward: 0.8690, episode rob: 0.1404, new memory entries: 68
 2334/inf: episode: 35, level: 0, particle: 34, episode steps: 67, episode reward: 0.8587, episode rob: 0.1523, new memory entries: 68
 2401/inf: episode: 36, level: 0, particle: 35, episode steps: 67, episode reward: 0.8220, episode rob: 0.1961, new memory entries: 68
 2469/inf: episode: 37, level: 0, particle: 36, episode steps: 68, episode reward: 0.8498, episode rob: 0.1628, new memory entries: 69
 2535/inf: episode: 38, level: 0, particle: 37, episode steps: 66, episode reward: 0.8765, episode rob: 0.1318, new memory entries: 67
 2602/inf: episode: 39, level: 0, particle: 38, episode steps: 67, episode reward: 0.8589, episode rob: 0.1521, new memory entries: 68
 2668/inf: episode: 40, level: 0, particle: 39, episode steps: 66, episode reward: 0.8933, episode rob: 0.1129, new memory entries: 67
 2735/inf: episode: 41, level: 0, particle: 40, episode steps: 67, episode reward: 0.8446, episode rob: 0.1689, new memory entries: 68
 2802/inf: episode: 42, level: 0, particle: 41, episode steps: 67, episode reward: 0.8536, episode rob: 0.1583, new memory entries: 68
 2868/inf: episode: 43, level: 0, particle: 42, episode steps: 66, episode reward: 0.8909, episode rob: 0.1156, new memory entries: 67
 2936/inf: episode: 44, level: 0, particle: 43, episode steps: 68, episode reward: 0.8185, episode rob: 0.2003, new memory entries: 69
 3003/inf: episode: 45, level: 0, particle: 44, episode steps: 67, episode reward: 0.8400, episode rob: 0.1743, new memory entries: 68
 3068/inf: episode: 46, level: 0, particle: 45, episode steps: 65, episode reward: 0.9091, episode rob: 0.0953, new memory entries: 66
 3134/inf: episode: 47, level: 0, particle: 46, episode steps: 66, episode reward: 0.8779, episode rob: 0.1302, new memory entries: 67
 3200/inf: episode: 48, level: 0, particle: 47, episode steps: 66, episode reward: 0.8921, episode rob: 0.1142, new memory entries: 67
 3267/inf: episode: 49, level: 0, particle: 48, episode steps: 67, episode reward: 0.8877, episode rob: 0.1192, new memory entries: 68
 3334/inf: episode: 50, level: 0, particle: 49, episode steps: 67, episode reward: 0.8410, episode rob: 0.1731, new memory entries: 68
 3400/inf: episode: 51, level: 0, particle: 50, episode steps: 66, episode reward: 0.8597, episode rob: 0.1511, new memory entries: 67
 3467/inf: episode: 52, level: 0, particle: 51, episode steps: 67, episode reward: 0.8434, episode rob: 0.1703, new memory entries: 68
 3534/inf: episode: 53, level: 0, particle: 52, episode steps: 67, episode reward: 0.8584, episode rob: 0.1527, new memory entries: 68
 3601/inf: episode: 54, level: 0, particle: 53, episode steps: 67, episode reward: 0.8535, episode rob: 0.1584, new memory entries: 68
 3667/inf: episode: 55, level: 0, particle: 54, episode steps: 66, episode reward: 0.8782, episode rob: 0.1299, new memory entries: 67
 3734/inf: episode: 56, level: 0, particle: 55, episode steps: 67, episode reward: 0.8772, episode rob: 0.1311, new memory entries: 68
 3800/inf: episode: 57, level: 0, particle: 56, episode steps: 66, episode reward: 0.8976, episode rob: 0.1080, new memory entries: 67
 3866/inf: episode: 58, level: 0, particle: 57, episode steps: 66, episode reward: 0.8828, episode rob: 0.1247, new memory entries: 67
 3934/inf: episode: 59, level: 0, particle: 58, episode steps: 68, episode reward: 0.8401, episode rob: 0.1742, new memory entries: 69
 4001/inf: episode: 60, level: 0, particle: 59, episode steps: 67, episode reward: 0.8429, episode rob: 0.1709, new memory entries: 68
 4068/inf: episode: 61, level: 0, particle: 60, episode steps: 67, episode reward: 0.8576, episode rob: 0.1536, new memory entries: 68
 4135/inf: episode: 62, level: 0, particle: 61, episode steps: 67, episode reward: 0.8501, episode rob: 0.1624, new memory entries: 68
 4202/inf: episode: 63, level: 0, particle: 62, episode steps: 67, episode reward: 0.8175, episode rob: 0.2015, new memory entries: 68
 4269/inf: episode: 64, level: 0, particle: 63, episode steps: 67, episode reward: 0.8304, episode rob: 0.1859, new memory entries: 68
 4336/inf: episode: 65, level: 0, particle: 64, episode steps: 67, episode reward: 0.8428, episode rob: 0.1711, new memory entries: 68
 4403/inf: episode: 66, level: 0, particle: 65, episode steps: 67, episode reward: 0.8700, episode rob: 0.1392, new memory entries: 68
 4468/inf: episode: 67, level: 0, particle: 66, episode steps: 65, episode reward: 0.8699, episode rob: 0.1394, new memory entries: 66
 4535/inf: episode: 68, level: 0, particle: 67, episode steps: 67, episode reward: 0.8441, episode rob: 0.1695, new memory entries: 68
 4601/inf: episode: 69, level: 0, particle: 68, episode steps: 66, episode reward: 0.8597, episode rob: 0.1511, new memory entries: 67
 4667/inf: episode: 70, level: 0, particle: 69, episode steps: 66, episode reward: 0.8772, episode rob: 0.1310, new memory entries: 67
 4733/inf: episode: 71, level: 0, particle: 70, episode steps: 66, episode reward: 0.8351, episode rob: 0.1802, new memory entries: 67
 4799/inf: episode: 72, level: 0, particle: 71, episode steps: 66, episode reward: 0.8386, episode rob: 0.1760, new memory entries: 67
 4866/inf: episode: 73, level: 0, particle: 72, episode steps: 67, episode reward: 0.8607, episode rob: 0.1500, new memory entries: 68
 4932/inf: episode: 74, level: 0, particle: 73, episode steps: 66, episode reward: 0.8592, episode rob: 0.1518, new memory entries: 67
 4999/inf: episode: 75, level: 0, particle: 74, episode steps: 67, episode reward: 0.8600, episode rob: 0.1509, new memory entries: 68
 5067/inf: episode: 76, level: 0, particle: 75, episode steps: 68, episode reward: 0.8325, episode rob: 0.1834, new memory entries: 69
 5135/inf: episode: 77, level: 0, particle: 76, episode steps: 68, episode reward: 0.8490, episode rob: 0.1637, new memory entries: 69
 5203/inf: episode: 78, level: 0, particle: 77, episode steps: 68, episode reward: 0.8336, episode rob: 0.1820, new memory entries: 69
 5270/inf: episode: 79, level: 0, particle: 78, episode steps: 67, episode reward: 0.8690, episode rob: 0.1404, new memory entries: 68
 5336/inf: episode: 80, level: 0, particle: 79, episode steps: 66, episode reward: 0.8801, episode rob: 0.1277, new memory entries: 67
 5403/inf: episode: 81, level: 0, particle: 80, episode steps: 67, episode reward: 0.8722, episode rob: 0.1368, new memory entries: 68
 5470/inf: episode: 82, level: 0, particle: 81, episode steps: 67, episode reward: 0.8416, episode rob: 0.1724, new memory entries: 68
 5537/inf: episode: 83, level: 0, particle: 82, episode steps: 67, episode reward: 0.8601, episode rob: 0.1508, new memory entries: 68
 5603/inf: episode: 84, level: 0, particle: 83, episode steps: 66, episode reward: 0.8662, episode rob: 0.1436, new memory entries: 67
 5670/inf: episode: 85, level: 0, particle: 84, episode steps: 67, episode reward: 0.8336, episode rob: 0.1819, new memory entries: 68
 5737/inf: episode: 86, level: 0, particle: 85, episode steps: 67, episode reward: 0.8425, episode rob: 0.1714, new memory entries: 68
 5804/inf: episode: 87, level: 0, particle: 86, episode steps: 67, episode reward: 0.8602, episode rob: 0.1506, new memory entries: 68
 5871/inf: episode: 88, level: 0, particle: 87, episode steps: 67, episode reward: 0.8605, episode rob: 0.1503, new memory entries: 68
 5937/inf: episode: 89, level: 0, particle: 88, episode steps: 66, episode reward: 0.8754, episode rob: 0.1331, new memory entries: 67
 6004/inf: episode: 90, level: 0, particle: 89, episode steps: 67, episode reward: 0.8530, episode rob: 0.1590, new memory entries: 68
 6071/inf: episode: 91, level: 0, particle: 90, episode steps: 67, episode reward: 0.8211, episode rob: 0.1971, new memory entries: 68
 6138/inf: episode: 92, level: 0, particle: 91, episode steps: 67, episode reward: 0.8230, episode rob: 0.1948, new memory entries: 68
 6205/inf: episode: 93, level: 0, particle: 92, episode steps: 67, episode reward: 0.8591, episode rob: 0.1518, new memory entries: 68
 6273/inf: episode: 94, level: 0, particle: 93, episode steps: 68, episode reward: 0.8313, episode rob: 0.1848, new memory entries: 69
 6340/inf: episode: 95, level: 0, particle: 94, episode steps: 67, episode reward: 0.8564, episode rob: 0.1550, new memory entries: 68
 6408/inf: episode: 96, level: 0, particle: 95, episode steps: 68, episode reward: 0.8245, episode rob: 0.1930, new memory entries: 69
 6475/inf: episode: 97, level: 0, particle: 96, episode steps: 67, episode reward: 0.8424, episode rob: 0.1715, new memory entries: 68
 6542/inf: episode: 98, level: 0, particle: 97, episode steps: 67, episode reward: 0.8765, episode rob: 0.1319, new memory entries: 68
 6609/inf: episode: 99, level: 0, particle: 98, episode steps: 67, episode reward: 0.8437, episode rob: 0.1699, new memory entries: 68
 6676/inf: episode: 100, level: 0, particle: 99, episode steps: 67, episode reward: 0.8513, episode rob: 0.1610, new memory entries: 68
 6743/inf: episode: 101, level: 0, particle: 100, episode steps: 67, episode reward: 0.8902, episode rob: 0.1164, new memory entries: 68
 6810/inf: episode: 102, level: 0, particle: 101, episode steps: 67, episode reward: 0.8542, episode rob: 0.1576, new memory entries: 68
 6877/inf: episode: 103, level: 0, particle: 102, episode steps: 67, episode reward: 0.8592, episode rob: 0.1517, new memory entries: 68
 6944/inf: episode: 104, level: 0, particle: 103, episode steps: 67, episode reward: 0.8214, episode rob: 0.1967, new memory entries: 68
 7011/inf: episode: 105, level: 0, particle: 104, episode steps: 67, episode reward: 0.8691, episode rob: 0.1402, new memory entries: 68
 7078/inf: episode: 106, level: 0, particle: 105, episode steps: 67, episode reward: 0.8534, episode rob: 0.1585, new memory entries: 68
 7144/inf: episode: 107, level: 0, particle: 106, episode steps: 66, episode reward: 0.8730, episode rob: 0.1358, new memory entries: 67
 7211/inf: episode: 108, level: 0, particle: 107, episode steps: 67, episode reward: 0.8409, episode rob: 0.1733, new memory entries: 68
 7278/inf: episode: 109, level: 0, particle: 108, episode steps: 67, episode reward: 0.8588, episode rob: 0.1523, new memory entries: 68
 7345/inf: episode: 110, level: 0, particle: 109, episode steps: 67, episode reward: 0.8421, episode rob: 0.1718, new memory entries: 68
 7411/inf: episode: 111, level: 0, particle: 110, episode steps: 66, episode reward: 0.8994, episode rob: 0.1061, new memory entries: 67
 7478/inf: episode: 112, level: 0, particle: 111, episode steps: 67, episode reward: 0.8228, episode rob: 0.1951, new memory entries: 68
 7545/inf: episode: 113, level: 0, particle: 112, episode steps: 67, episode reward: 0.8724, episode rob: 0.1365, new memory entries: 68
 7612/inf: episode: 114, level: 0, particle: 113, episode steps: 67, episode reward: 0.8368, episode rob: 0.1782, new memory entries: 68
 7679/inf: episode: 115, level: 0, particle: 114, episode steps: 67, episode reward: 0.8560, episode rob: 0.1555, new memory entries: 68
 7745/inf: episode: 116, level: 0, particle: 115, episode steps: 66, episode reward: 0.8696, episode rob: 0.1398, new memory entries: 67
 7812/inf: episode: 117, level: 0, particle: 116, episode steps: 67, episode reward: 0.8427, episode rob: 0.1711, new memory entries: 68
 7879/inf: episode: 118, level: 0, particle: 117, episode steps: 67, episode reward: 0.8396, episode rob: 0.1748, new memory entries: 68
 7947/inf: episode: 119, level: 0, particle: 118, episode steps: 68, episode reward: 0.8384, episode rob: 0.1763, new memory entries: 69
 8013/inf: episode: 120, level: 0, particle: 119, episode steps: 66, episode reward: 0.8983, episode rob: 0.1073, new memory entries: 67
 8080/inf: episode: 121, level: 0, particle: 120, episode steps: 67, episode reward: 0.8697, episode rob: 0.1396, new memory entries: 68
 8147/inf: episode: 122, level: 0, particle: 121, episode steps: 67, episode reward: 0.8396, episode rob: 0.1748, new memory entries: 68
 8213/inf: episode: 123, level: 0, particle: 122, episode steps: 66, episode reward: 0.8701, episode rob: 0.1392, new memory entries: 67
 8279/inf: episode: 124, level: 0, particle: 123, episode steps: 66, episode reward: 0.8733, episode rob: 0.1354, new memory entries: 67
 8346/inf: episode: 125, level: 0, particle: 124, episode steps: 67, episode reward: 0.8210, episode rob: 0.1972, new memory entries: 68
 8413/inf: episode: 126, level: 0, particle: 125, episode steps: 67, episode reward: 0.8735, episode rob: 0.1352, new memory entries: 68
 8480/inf: episode: 127, level: 0, particle: 126, episode steps: 67, episode reward: 0.8282, episode rob: 0.1885, new memory entries: 68
 8547/inf: episode: 128, level: 0, particle: 127, episode steps: 67, episode reward: 0.8409, episode rob: 0.1733, new memory entries: 68
 8616/inf: episode: 129, level: 0, particle: 128, episode steps: 69, episode reward: 0.8453, episode rob: 0.1681, new memory entries: 70
 8683/inf: episode: 130, level: 0, particle: 129, episode steps: 67, episode reward: 0.8576, episode rob: 0.1536, new memory entries: 68
 8749/inf: episode: 131, level: 0, particle: 130, episode steps: 66, episode reward: 0.8647, episode rob: 0.1453, new memory entries: 67
 8817/inf: episode: 132, level: 0, particle: 131, episode steps: 68, episode reward: 0.8688, episode rob: 0.1406, new memory entries: 69
 8884/inf: episode: 133, level: 0, particle: 132, episode steps: 67, episode reward: 0.8608, episode rob: 0.1498, new memory entries: 68
 8951/inf: episode: 134, level: 0, particle: 133, episode steps: 67, episode reward: 0.8177, episode rob: 0.2012, new memory entries: 68
 9017/inf: episode: 135, level: 0, particle: 134, episode steps: 66, episode reward: 0.8595, episode rob: 0.1514, new memory entries: 67
 9084/inf: episode: 136, level: 0, particle: 135, episode steps: 67, episode reward: 0.8697, episode rob: 0.1396, new memory entries: 68
 9151/inf: episode: 137, level: 0, particle: 136, episode steps: 67, episode reward: 0.8221, episode rob: 0.1959, new memory entries: 68
 9217/inf: episode: 138, level: 0, particle: 137, episode steps: 66, episode reward: 0.8803, episode rob: 0.1275, new memory entries: 67
 9284/inf: episode: 139, level: 0, particle: 138, episode steps: 67, episode reward: 0.8542, episode rob: 0.1576, new memory entries: 68
 9351/inf: episode: 140, level: 0, particle: 139, episode steps: 67, episode reward: 0.8430, episode rob: 0.1708, new memory entries: 68
 9418/inf: episode: 141, level: 0, particle: 140, episode steps: 67, episode reward: 0.8444, episode rob: 0.1691, new memory entries: 68
 9485/inf: episode: 142, level: 0, particle: 141, episode steps: 67, episode reward: 0.8420, episode rob: 0.1720, new memory entries: 68
 9551/inf: episode: 143, level: 0, particle: 142, episode steps: 66, episode reward: 0.8596, episode rob: 0.1513, new memory entries: 67
 9617/inf: episode: 144, level: 0, particle: 143, episode steps: 66, episode reward: 0.8593, episode rob: 0.1517, new memory entries: 67
 9684/inf: episode: 145, level: 0, particle: 144, episode steps: 67, episode reward: 0.8244, episode rob: 0.1931, new memory entries: 68
 9751/inf: episode: 146, level: 0, particle: 145, episode steps: 67, episode reward: 0.8534, episode rob: 0.1585, new memory entries: 68
 9819/inf: episode: 147, level: 0, particle: 146, episode steps: 68, episode reward: 0.8517, episode rob: 0.1606, new memory entries: 69
 9886/inf: episode: 148, level: 0, particle: 147, episode steps: 67, episode reward: 0.8401, episode rob: 0.1742, new memory entries: 68
 9953/inf: episode: 149, level: 0, particle: 148, episode steps: 67, episode reward: 0.8196, episode rob: 0.1990, new memory entries: 68
 10020/inf: episode: 150, level: 0, particle: 149, episode steps: 67, episode reward: 0.8389, episode rob: 0.1757, new memory entries: 68
 10087/inf: episode: 151, level: 0, particle: 150, episode steps: 67, episode reward: 0.8597, episode rob: 0.1512, new memory entries: 68
 10153/inf: episode: 152, level: 0, particle: 151, episode steps: 66, episode reward: 0.8903, episode rob: 0.1162, new memory entries: 67
 10220/inf: episode: 153, level: 0, particle: 152, episode steps: 67, episode reward: 0.8577, episode rob: 0.1535, new memory entries: 68
 10287/inf: episode: 154, level: 0, particle: 153, episode steps: 67, episode reward: 0.8173, episode rob: 0.2018, new memory entries: 68
 10354/inf: episode: 155, level: 0, particle: 154, episode steps: 67, episode reward: 0.8588, episode rob: 0.1522, new memory entries: 68
 10420/inf: episode: 156, level: 0, particle: 155, episode steps: 66, episode reward: 0.8734, episode rob: 0.1354, new memory entries: 67
 10487/inf: episode: 157, level: 0, particle: 156, episode steps: 67, episode reward: 0.8415, episode rob: 0.1726, new memory entries: 68
 10554/inf: episode: 158, level: 0, particle: 157, episode steps: 67, episode reward: 0.8592, episode rob: 0.1518, new memory entries: 68
 10621/inf: episode: 159, level: 0, particle: 158, episode steps: 67, episode reward: 0.8569, episode rob: 0.1544, new memory entries: 68
 10688/inf: episode: 160, level: 0, particle: 159, episode steps: 67, episode reward: 0.8609, episode rob: 0.1498, new memory entries: 68
 10755/inf: episode: 161, level: 0, particle: 160, episode steps: 67, episode reward: 0.8598, episode rob: 0.1510, new memory entries: 68
 10822/inf: episode: 162, level: 0, particle: 161, episode steps: 67, episode reward: 0.8422, episode rob: 0.1717, new memory entries: 68
 10888/inf: episode: 163, level: 0, particle: 162, episode steps: 66, episode reward: 0.8775, episode rob: 0.1307, new memory entries: 67
 10956/inf: episode: 164, level: 0, particle: 163, episode steps: 68, episode reward: 0.8508, episode rob: 0.1615, new memory entries: 69
 11023/inf: episode: 165, level: 0, particle: 164, episode steps: 67, episode reward: 0.8606, episode rob: 0.1501, new memory entries: 68
 11090/inf: episode: 166, level: 0, particle: 165, episode steps: 67, episode reward: 0.8595, episode rob: 0.1514, new memory entries: 68
 11157/inf: episode: 167, level: 0, particle: 166, episode steps: 67, episode reward: 0.8415, episode rob: 0.1726, new memory entries: 68
 11223/inf: episode: 168, level: 0, particle: 167, episode steps: 66, episode reward: 0.8787, episode rob: 0.1293, new memory entries: 67
 11289/inf: episode: 169, level: 0, particle: 168, episode steps: 66, episode reward: 0.8576, episode rob: 0.1536, new memory entries: 67
 11355/inf: episode: 170, level: 0, particle: 169, episode steps: 66, episode reward: 0.8779, episode rob: 0.1302, new memory entries: 67
 11421/inf: episode: 171, level: 0, particle: 170, episode steps: 66, episode reward: 0.8801, episode rob: 0.1277, new memory entries: 67
 11488/inf: episode: 172, level: 0, particle: 171, episode steps: 67, episode reward: 0.8507, episode rob: 0.1617, new memory entries: 68
 11555/inf: episode: 173, level: 0, particle: 172, episode steps: 67, episode reward: 0.8189, episode rob: 0.1998, new memory entries: 68
 11622/inf: episode: 174, level: 0, particle: 173, episode steps: 67, episode reward: 0.8587, episode rob: 0.1524, new memory entries: 68
 11689/inf: episode: 175, level: 0, particle: 174, episode steps: 67, episode reward: 0.8438, episode rob: 0.1699, new memory entries: 68
 11755/inf: episode: 176, level: 0, particle: 175, episode steps: 66, episode reward: 0.8936, episode rob: 0.1125, new memory entries: 67
 11823/inf: episode: 177, level: 0, particle: 176, episode steps: 68, episode reward: 0.8626, episode rob: 0.1478, new memory entries: 69
 11891/inf: episode: 178, level: 0, particle: 177, episode steps: 68, episode reward: 0.8192, episode rob: 0.1994, new memory entries: 69
 11958/inf: episode: 179, level: 0, particle: 178, episode steps: 67, episode reward: 0.8310, episode rob: 0.1851, new memory entries: 68
 12025/inf: episode: 180, level: 0, particle: 179, episode steps: 67, episode reward: 0.8428, episode rob: 0.1710, new memory entries: 68
 12092/inf: episode: 181, level: 0, particle: 180, episode steps: 67, episode reward: 0.8591, episode rob: 0.1518, new memory entries: 68
 12158/inf: episode: 182, level: 0, particle: 181, episode steps: 66, episode reward: 0.8604, episode rob: 0.1504, new memory entries: 67
 12225/inf: episode: 183, level: 0, particle: 182, episode steps: 67, episode reward: 0.8604, episode rob: 0.1504, new memory entries: 68
 12292/inf: episode: 184, level: 0, particle: 183, episode steps: 67, episode reward: 0.8591, episode rob: 0.1518, new memory entries: 68
 12360/inf: episode: 185, level: 0, particle: 184, episode steps: 68, episode reward: 0.8574, episode rob: 0.1539, new memory entries: 69
 12427/inf: episode: 186, level: 0, particle: 185, episode steps: 67, episode reward: 0.8703, episode rob: 0.1389, new memory entries: 68
 12493/inf: episode: 187, level: 0, particle: 186, episode steps: 66, episode reward: 0.8782, episode rob: 0.1299, new memory entries: 67
 12560/inf: episode: 188, level: 0, particle: 187, episode steps: 67, episode reward: 0.8626, episode rob: 0.1478, new memory entries: 68
 12627/inf: episode: 189, level: 0, particle: 188, episode steps: 67, episode reward: 0.8424, episode rob: 0.1715, new memory entries: 68
 12694/inf: episode: 190, level: 0, particle: 189, episode steps: 67, episode reward: 0.8731, episode rob: 0.1357, new memory entries: 68
 12761/inf: episode: 191, level: 0, particle: 190, episode steps: 67, episode reward: 0.8527, episode rob: 0.1594, new memory entries: 68
 12827/inf: episode: 192, level: 0, particle: 191, episode steps: 66, episode reward: 0.8684, episode rob: 0.1411, new memory entries: 67
 12893/inf: episode: 193, level: 0, particle: 192, episode steps: 66, episode reward: 0.8594, episode rob: 0.1515, new memory entries: 67
 12960/inf: episode: 194, level: 0, particle: 193, episode steps: 67, episode reward: 0.8779, episode rob: 0.1303, new memory entries: 68
 13027/inf: episode: 195, level: 0, particle: 194, episode steps: 67, episode reward: 0.8518, episode rob: 0.1604, new memory entries: 68
 13094/inf: episode: 196, level: 0, particle: 195, episode steps: 67, episode reward: 0.8425, episode rob: 0.1714, new memory entries: 68
 13161/inf: episode: 197, level: 0, particle: 196, episode steps: 67, episode reward: 0.8608, episode rob: 0.1499, new memory entries: 68
 13228/inf: episode: 198, level: 0, particle: 197, episode steps: 67, episode reward: 0.8585, episode rob: 0.1526, new memory entries: 68
 13297/inf: episode: 199, level: 0, particle: 198, episode steps: 69, episode reward: 0.8793, episode rob: 0.1286, new memory entries: 70
 13364/inf: episode: 200, level: 0, particle: 199, episode steps: 67, episode reward: 0.8239, episode rob: 0.1937, new memory entries: 68
[Info] Len prefix list: 200
[Info] 1-th LEVEL FOUND: 0.888300895690918, Considering 200/200 traces
 13431/inf: episode: 201, level: 1, particle: 0, episode steps: 67, episode reward: 0.8591, episode rob: 0.1518, new memory entries: 68
 13498/inf: episode: 202, level: 1, particle: 1, episode steps: 67, episode reward: 0.8626, episode rob: 0.1479, new memory entries: 68
 13564/inf: episode: 203, level: 1, particle: 2, episode steps: 66, episode reward: 0.8691, episode rob: 0.1403, new memory entries: 67
 13631/inf: episode: 204, level: 1, particle: 3, episode steps: 67, episode reward: 0.8590, episode rob: 0.1520, new memory entries: 68
 13698/inf: episode: 205, level: 1, particle: 4, episode steps: 67, episode reward: 0.8408, episode rob: 0.1734, new memory entries: 68
 13764/inf: episode: 206, level: 1, particle: 5, episode steps: 66, episode reward: 0.8589, episode rob: 0.1521, new memory entries: 67
 13831/inf: episode: 207, level: 1, particle: 6, episode steps: 67, episode reward: 0.8430, episode rob: 0.1708, new memory entries: 68
 13898/inf: episode: 208, level: 1, particle: 7, episode steps: 67, episode reward: 0.8307, episode rob: 0.1855, new memory entries: 68
 13965/inf: episode: 209, level: 1, particle: 8, episode steps: 67, episode reward: 0.8413, episode rob: 0.1728, new memory entries: 68
 14032/inf: episode: 210, level: 1, particle: 9, episode steps: 67, episode reward: 0.8604, episode rob: 0.1503, new memory entries: 68
 14099/inf: episode: 211, level: 1, particle: 10, episode steps: 67, episode reward: 0.8448, episode rob: 0.1687, new memory entries: 68
 14166/inf: episode: 212, level: 1, particle: 11, episode steps: 67, episode reward: 0.8239, episode rob: 0.1937, new memory entries: 68
 14232/inf: episode: 213, level: 1, particle: 12, episode steps: 66, episode reward: 0.8679, episode rob: 0.1417, new memory entries: 67
 14300/inf: episode: 214, level: 1, particle: 13, episode steps: 68, episode reward: 0.8585, episode rob: 0.1525, new memory entries: 69
 14367/inf: episode: 215, level: 1, particle: 14, episode steps: 67, episode reward: 0.8589, episode rob: 0.1521, new memory entries: 68
 14434/inf: episode: 216, level: 1, particle: 15, episode steps: 67, episode reward: 0.8414, episode rob: 0.1727, new memory entries: 68
 14501/inf: episode: 217, level: 1, particle: 16, episode steps: 67, episode reward: 0.8221, episode rob: 0.1959, new memory entries: 68
 14568/inf: episode: 218, level: 1, particle: 17, episode steps: 67, episode reward: 0.8199, episode rob: 0.1985, new memory entries: 68
 14635/inf: episode: 219, level: 1, particle: 18, episode steps: 67, episode reward: 0.8418, episode rob: 0.1722, new memory entries: 68
 14702/inf: episode: 220, level: 1, particle: 19, episode steps: 67, episode reward: 0.8220, episode rob: 0.1960, new memory entries: 68
 14770/inf: episode: 221, level: 1, particle: 20, episode steps: 68, episode reward: 0.8581, episode rob: 0.1530, new memory entries: 69
 14837/inf: episode: 222, level: 1, particle: 21, episode steps: 67, episode reward: 0.8171, episode rob: 0.2020, new memory entries: 68
 14903/inf: episode: 223, level: 1, particle: 22, episode steps: 66, episode reward: 0.8593, episode rob: 0.1516, new memory entries: 67
 14970/inf: episode: 224, level: 1, particle: 23, episode steps: 67, episode reward: 0.8414, episode rob: 0.1727, new memory entries: 68
 15037/inf: episode: 225, level: 1, particle: 24, episode steps: 67, episode reward: 0.8683, episode rob: 0.1412, new memory entries: 68
 15105/inf: episode: 226, level: 1, particle: 25, episode steps: 68, episode reward: 0.8617, episode rob: 0.1488, new memory entries: 69
 15173/inf: episode: 227, level: 1, particle: 26, episode steps: 68, episode reward: 0.8609, episode rob: 0.1497, new memory entries: 69
 15239/inf: episode: 228, level: 1, particle: 27, episode steps: 66, episode reward: 0.8805, episode rob: 0.1273, new memory entries: 67
 15309/inf: episode: 229, level: 1, particle: 28, episode steps: 70, episode reward: 0.8321, episode rob: 0.1838, new memory entries: 71
 15376/inf: episode: 230, level: 1, particle: 29, episode steps: 67, episode reward: 0.8662, episode rob: 0.1436, new memory entries: 68
 15443/inf: episode: 231, level: 1, particle: 30, episode steps: 67, episode reward: 0.8432, episode rob: 0.1706, new memory entries: 68
 15509/inf: episode: 232, level: 1, particle: 31, episode steps: 66, episode reward: 0.8599, episode rob: 0.1510, new memory entries: 67
 15575/inf: episode: 233, level: 1, particle: 32, episode steps: 66, episode reward: 0.9166, episode rob: 0.0871, new memory entries: 67
 15641/inf: episode: 234, level: 1, particle: 33, episode steps: 66, episode reward: 0.8979, episode rob: 0.1077, new memory entries: 67
 15708/inf: episode: 235, level: 1, particle: 34, episode steps: 67, episode reward: 0.8427, episode rob: 0.1711, new memory entries: 68
 15776/inf: episode: 236, level: 1, particle: 35, episode steps: 68, episode reward: 0.8634, episode rob: 0.1469, new memory entries: 69
 15842/inf: episode: 237, level: 1, particle: 36, episode steps: 66, episode reward: 0.8602, episode rob: 0.1506, new memory entries: 67
 15909/inf: episode: 238, level: 1, particle: 37, episode steps: 67, episode reward: 0.8184, episode rob: 0.2004, new memory entries: 68
 15975/inf: episode: 239, level: 1, particle: 38, episode steps: 66, episode reward: 0.8589, episode rob: 0.1521, new memory entries: 67
 16041/inf: episode: 240, level: 1, particle: 39, episode steps: 66, episode reward: 0.8593, episode rob: 0.1516, new memory entries: 67
 16108/inf: episode: 241, level: 1, particle: 40, episode steps: 67, episode reward: 0.8643, episode rob: 0.1458, new memory entries: 68
 16175/inf: episode: 242, level: 1, particle: 41, episode steps: 67, episode reward: 0.8491, episode rob: 0.1636, new memory entries: 68
 16241/inf: episode: 243, level: 1, particle: 42, episode steps: 66, episode reward: 0.8372, episode rob: 0.1776, new memory entries: 67
 16308/inf: episode: 244, level: 1, particle: 43, episode steps: 67, episode reward: 0.8931, episode rob: 0.1130, new memory entries: 68
 16375/inf: episode: 245, level: 1, particle: 44, episode steps: 67, episode reward: 0.8779, episode rob: 0.1302, new memory entries: 68
 16443/inf: episode: 246, level: 1, particle: 45, episode steps: 68, episode reward: 0.8648, episode rob: 0.1452, new memory entries: 69
 16509/inf: episode: 247, level: 1, particle: 46, episode steps: 66, episode reward: 0.8734, episode rob: 0.1354, new memory entries: 67
 16576/inf: episode: 248, level: 1, particle: 47, episode steps: 67, episode reward: 0.8590, episode rob: 0.1520, new memory entries: 68
 16643/inf: episode: 249, level: 1, particle: 48, episode steps: 67, episode reward: 0.8636, episode rob: 0.1467, new memory entries: 68
 16710/inf: episode: 250, level: 1, particle: 49, episode steps: 67, episode reward: 0.8716, episode rob: 0.1374, new memory entries: 68
 16776/inf: episode: 251, level: 1, particle: 50, episode steps: 66, episode reward: 0.8787, episode rob: 0.1293, new memory entries: 67
 16843/inf: episode: 252, level: 1, particle: 51, episode steps: 67, episode reward: 0.8597, episode rob: 0.1512, new memory entries: 68
 16911/inf: episode: 253, level: 1, particle: 52, episode steps: 68, episode reward: 0.8584, episode rob: 0.1526, new memory entries: 69
 16978/inf: episode: 254, level: 1, particle: 53, episode steps: 67, episode reward: 0.8987, episode rob: 0.1068, new memory entries: 68
 17045/inf: episode: 255, level: 1, particle: 54, episode steps: 67, episode reward: 0.8779, episode rob: 0.1302, new memory entries: 68
 17111/inf: episode: 256, level: 1, particle: 55, episode steps: 66, episode reward: 0.8603, episode rob: 0.1505, new memory entries: 67
 17178/inf: episode: 257, level: 1, particle: 56, episode steps: 67, episode reward: 0.8238, episode rob: 0.1938, new memory entries: 68
 17245/inf: episode: 258, level: 1, particle: 57, episode steps: 67, episode reward: 0.8227, episode rob: 0.1952, new memory entries: 68
 17312/inf: episode: 259, level: 1, particle: 58, episode steps: 67, episode reward: 0.8596, episode rob: 0.1513, new memory entries: 68
 17378/inf: episode: 260, level: 1, particle: 59, episode steps: 66, episode reward: 0.8585, episode rob: 0.1526, new memory entries: 67
 17445/inf: episode: 261, level: 1, particle: 60, episode steps: 67, episode reward: 0.8431, episode rob: 0.1707, new memory entries: 68
 17511/inf: episode: 262, level: 1, particle: 61, episode steps: 66, episode reward: 0.8788, episode rob: 0.1292, new memory entries: 67
 17577/inf: episode: 263, level: 1, particle: 62, episode steps: 66, episode reward: 0.8888, episode rob: 0.1178, new memory entries: 67
 17644/inf: episode: 264, level: 1, particle: 63, episode steps: 67, episode reward: 0.8186, episode rob: 0.2001, new memory entries: 68
 17711/inf: episode: 265, level: 1, particle: 64, episode steps: 67, episode reward: 0.8602, episode rob: 0.1506, new memory entries: 68
 17778/inf: episode: 266, level: 1, particle: 65, episode steps: 67, episode reward: 0.8413, episode rob: 0.1728, new memory entries: 68
 17845/inf: episode: 267, level: 1, particle: 66, episode steps: 67, episode reward: 0.8419, episode rob: 0.1721, new memory entries: 68
 17912/inf: episode: 268, level: 1, particle: 67, episode steps: 67, episode reward: 0.8982, episode rob: 0.1073, new memory entries: 68
 17978/inf: episode: 269, level: 1, particle: 68, episode steps: 66, episode reward: 0.8599, episode rob: 0.1510, new memory entries: 67
 18045/inf: episode: 270, level: 1, particle: 69, episode steps: 67, episode reward: 0.8613, episode rob: 0.1493, new memory entries: 68
 18112/inf: episode: 271, level: 1, particle: 70, episode steps: 67, episode reward: 0.8597, episode rob: 0.1511, new memory entries: 68
 18179/inf: episode: 272, level: 1, particle: 71, episode steps: 67, episode reward: 0.8520, episode rob: 0.1602, new memory entries: 68
 18245/inf: episode: 273, level: 1, particle: 72, episode steps: 66, episode reward: 0.8792, episode rob: 0.1287, new memory entries: 67
 18312/inf: episode: 274, level: 1, particle: 73, episode steps: 67, episode reward: 0.8802, episode rob: 0.1276, new memory entries: 68
 18379/inf: episode: 275, level: 1, particle: 74, episode steps: 67, episode reward: 0.8415, episode rob: 0.1726, new memory entries: 68
 18446/inf: episode: 276, level: 1, particle: 75, episode steps: 67, episode reward: 0.8189, episode rob: 0.1998, new memory entries: 68
 18513/inf: episode: 277, level: 1, particle: 76, episode steps: 67, episode reward: 0.8827, episode rob: 0.1248, new memory entries: 68
 18581/inf: episode: 278, level: 1, particle: 77, episode steps: 68, episode reward: 0.8583, episode rob: 0.1528, new memory entries: 69
 18648/inf: episode: 279, level: 1, particle: 78, episode steps: 67, episode reward: 0.8219, episode rob: 0.1961, new memory entries: 68
 18714/inf: episode: 280, level: 1, particle: 79, episode steps: 66, episode reward: 0.8796, episode rob: 0.1283, new memory entries: 67
 18781/inf: episode: 281, level: 1, particle: 80, episode steps: 67, episode reward: 0.8412, episode rob: 0.1729, new memory entries: 68
 18848/inf: episode: 282, level: 1, particle: 81, episode steps: 67, episode reward: 0.8188, episode rob: 0.1999, new memory entries: 68
 18915/inf: episode: 283, level: 1, particle: 82, episode steps: 67, episode reward: 0.8817, episode rob: 0.1259, new memory entries: 68
 18981/inf: episode: 284, level: 1, particle: 83, episode steps: 66, episode reward: 0.8590, episode rob: 0.1520, new memory entries: 67
 19048/inf: episode: 285, level: 1, particle: 84, episode steps: 67, episode reward: 0.8591, episode rob: 0.1519, new memory entries: 68
 19115/inf: episode: 286, level: 1, particle: 85, episode steps: 67, episode reward: 0.8220, episode rob: 0.1961, new memory entries: 68
 19182/inf: episode: 287, level: 1, particle: 86, episode steps: 67, episode reward: 0.8432, episode rob: 0.1705, new memory entries: 68
 19249/inf: episode: 288, level: 1, particle: 87, episode steps: 67, episode reward: 0.8587, episode rob: 0.1524, new memory entries: 68
 19316/inf: episode: 289, level: 1, particle: 88, episode steps: 67, episode reward: 0.8428, episode rob: 0.1710, new memory entries: 68
 19383/inf: episode: 290, level: 1, particle: 89, episode steps: 67, episode reward: 0.8517, episode rob: 0.1606, new memory entries: 68
 19450/inf: episode: 291, level: 1, particle: 90, episode steps: 67, episode reward: 0.8395, episode rob: 0.1749, new memory entries: 68
 19518/inf: episode: 292, level: 1, particle: 91, episode steps: 68, episode reward: 0.8446, episode rob: 0.1689, new memory entries: 69
 19585/inf: episode: 293, level: 1, particle: 92, episode steps: 67, episode reward: 0.8424, episode rob: 0.1715, new memory entries: 68
 19652/inf: episode: 294, level: 1, particle: 93, episode steps: 67, episode reward: 0.8676, episode rob: 0.1421, new memory entries: 68
 19719/inf: episode: 295, level: 1, particle: 94, episode steps: 67, episode reward: 0.8438, episode rob: 0.1699, new memory entries: 68
 19785/inf: episode: 296, level: 1, particle: 95, episode steps: 66, episode reward: 0.8705, episode rob: 0.1387, new memory entries: 67
 19852/inf: episode: 297, level: 1, particle: 96, episode steps: 67, episode reward: 0.8413, episode rob: 0.1728, new memory entries: 68
 19919/inf: episode: 298, level: 1, particle: 97, episode steps: 67, episode reward: 0.8597, episode rob: 0.1512, new memory entries: 68
 19986/inf: episode: 299, level: 1, particle: 98, episode steps: 67, episode reward: 0.8576, episode rob: 0.1536, new memory entries: 68
 20053/inf: episode: 300, level: 1, particle: 99, episode steps: 67, episode reward: 0.8680, episode rob: 0.1415, new memory entries: 68
 20119/inf: episode: 301, level: 1, particle: 100, episode steps: 66, episode reward: 0.8600, episode rob: 0.1508, new memory entries: 67
 20186/inf: episode: 302, level: 1, particle: 101, episode steps: 67, episode reward: 0.8216, episode rob: 0.1965, new memory entries: 68
 20253/inf: episode: 303, level: 1, particle: 102, episode steps: 67, episode reward: 0.8430, episode rob: 0.1708, new memory entries: 68
 20319/inf: episode: 304, level: 1, particle: 103, episode steps: 66, episode reward: 0.8671, episode rob: 0.1426, new memory entries: 67
 20385/inf: episode: 305, level: 1, particle: 104, episode steps: 66, episode reward: 0.8659, episode rob: 0.1440, new memory entries: 67
 20451/inf: episode: 306, level: 1, particle: 105, episode steps: 66, episode reward: 0.8593, episode rob: 0.1517, new memory entries: 67
 20519/inf: episode: 307, level: 1, particle: 106, episode steps: 68, episode reward: 0.8303, episode rob: 0.1860, new memory entries: 69
 20586/inf: episode: 308, level: 1, particle: 107, episode steps: 67, episode reward: 0.9131, episode rob: 0.0909, new memory entries: 68
 20653/inf: episode: 309, level: 1, particle: 108, episode steps: 67, episode reward: 0.8603, episode rob: 0.1505, new memory entries: 68
 20719/inf: episode: 310, level: 1, particle: 109, episode steps: 66, episode reward: 0.8597, episode rob: 0.1512, new memory entries: 67
 20786/inf: episode: 311, level: 1, particle: 110, episode steps: 67, episode reward: 0.8171, episode rob: 0.2020, new memory entries: 68
 20853/inf: episode: 312, level: 1, particle: 111, episode steps: 67, episode reward: 0.8428, episode rob: 0.1710, new memory entries: 68
 20920/inf: episode: 313, level: 1, particle: 112, episode steps: 67, episode reward: 0.8493, episode rob: 0.1633, new memory entries: 68
 20987/inf: episode: 314, level: 1, particle: 113, episode steps: 67, episode reward: 0.8716, episode rob: 0.1374, new memory entries: 68
 21054/inf: episode: 315, level: 1, particle: 114, episode steps: 67, episode reward: 0.8584, episode rob: 0.1526, new memory entries: 68
 21121/inf: episode: 316, level: 1, particle: 115, episode steps: 67, episode reward: 0.8599, episode rob: 0.1509, new memory entries: 68
 21189/inf: episode: 317, level: 1, particle: 116, episode steps: 68, episode reward: 0.8604, episode rob: 0.1503, new memory entries: 69
 21256/inf: episode: 318, level: 1, particle: 117, episode steps: 67, episode reward: 0.8593, episode rob: 0.1517, new memory entries: 68
 21323/inf: episode: 319, level: 1, particle: 118, episode steps: 67, episode reward: 0.8178, episode rob: 0.2011, new memory entries: 68
 21390/inf: episode: 320, level: 1, particle: 119, episode steps: 67, episode reward: 0.8227, episode rob: 0.1952, new memory entries: 68
 21457/inf: episode: 321, level: 1, particle: 120, episode steps: 67, episode reward: 0.8453, episode rob: 0.1681, new memory entries: 68
 21524/inf: episode: 322, level: 1, particle: 121, episode steps: 67, episode reward: 0.8437, episode rob: 0.1700, new memory entries: 68
 21591/inf: episode: 323, level: 1, particle: 122, episode steps: 67, episode reward: 0.8449, episode rob: 0.1686, new memory entries: 68
 21658/inf: episode: 324, level: 1, particle: 123, episode steps: 67, episode reward: 0.8426, episode rob: 0.1712, new memory entries: 68
 21723/inf: episode: 325, level: 1, particle: 124, episode steps: 65, episode reward: 0.8776, episode rob: 0.1306, new memory entries: 66
 21791/inf: episode: 326, level: 1, particle: 125, episode steps: 68, episode reward: 0.8598, episode rob: 0.1511, new memory entries: 69
 21858/inf: episode: 327, level: 1, particle: 126, episode steps: 67, episode reward: 0.8597, episode rob: 0.1511, new memory entries: 68
 21925/inf: episode: 328, level: 1, particle: 127, episode steps: 67, episode reward: 0.8229, episode rob: 0.1949, new memory entries: 68
 21992/inf: episode: 329, level: 1, particle: 128, episode steps: 67, episode reward: 0.8768, episode rob: 0.1315, new memory entries: 68
 22060/inf: episode: 330, level: 1, particle: 129, episode steps: 68, episode reward: 0.8586, episode rob: 0.1524, new memory entries: 69
 22127/inf: episode: 331, level: 1, particle: 130, episode steps: 67, episode reward: 0.8215, episode rob: 0.1966, new memory entries: 68
 22194/inf: episode: 332, level: 1, particle: 131, episode steps: 67, episode reward: 0.8574, episode rob: 0.1538, new memory entries: 68
 22260/inf: episode: 333, level: 1, particle: 132, episode steps: 66, episode reward: 0.8983, episode rob: 0.1073, new memory entries: 67
 22328/inf: episode: 334, level: 1, particle: 133, episode steps: 68, episode reward: 0.8299, episode rob: 0.1864, new memory entries: 69
 22395/inf: episode: 335, level: 1, particle: 134, episode steps: 67, episode reward: 0.8436, episode rob: 0.1701, new memory entries: 68
 22462/inf: episode: 336, level: 1, particle: 135, episode steps: 67, episode reward: 0.8611, episode rob: 0.1496, new memory entries: 68
 22529/inf: episode: 337, level: 1, particle: 136, episode steps: 67, episode reward: 0.8770, episode rob: 0.1312, new memory entries: 68
 22596/inf: episode: 338, level: 1, particle: 137, episode steps: 67, episode reward: 0.8187, episode rob: 0.2001, new memory entries: 68
 22665/inf: episode: 339, level: 1, particle: 138, episode steps: 69, episode reward: 0.8378, episode rob: 0.1769, new memory entries: 70
 22732/inf: episode: 340, level: 1, particle: 139, episode steps: 67, episode reward: 0.8585, episode rob: 0.1526, new memory entries: 68
 22799/inf: episode: 341, level: 1, particle: 140, episode steps: 67, episode reward: 0.8420, episode rob: 0.1720, new memory entries: 68
 22865/inf: episode: 342, level: 1, particle: 141, episode steps: 66, episode reward: 0.8571, episode rob: 0.1542, new memory entries: 67
 22931/inf: episode: 343, level: 1, particle: 142, episode steps: 66, episode reward: 0.8989, episode rob: 0.1066, new memory entries: 67
 22998/inf: episode: 344, level: 1, particle: 143, episode steps: 67, episode reward: 0.8778, episode rob: 0.1304, new memory entries: 68
 23065/inf: episode: 345, level: 1, particle: 144, episode steps: 67, episode reward: 0.8698, episode rob: 0.1395, new memory entries: 68
 23132/inf: episode: 346, level: 1, particle: 145, episode steps: 67, episode reward: 0.8218, episode rob: 0.1963, new memory entries: 68
 23199/inf: episode: 347, level: 1, particle: 146, episode steps: 67, episode reward: 0.8570, episode rob: 0.1543, new memory entries: 68
 23266/inf: episode: 348, level: 1, particle: 147, episode steps: 67, episode reward: 0.8520, episode rob: 0.1602, new memory entries: 68
 23333/inf: episode: 349, level: 1, particle: 148, episode steps: 67, episode reward: 0.8222, episode rob: 0.1958, new memory entries: 68
 23400/inf: episode: 350, level: 1, particle: 149, episode steps: 67, episode reward: 0.8415, episode rob: 0.1726, new memory entries: 68
 23467/inf: episode: 351, level: 1, particle: 150, episode steps: 67, episode reward: 0.8418, episode rob: 0.1722, new memory entries: 68
 23534/inf: episode: 352, level: 1, particle: 151, episode steps: 67, episode reward: 0.8409, episode rob: 0.1733, new memory entries: 68
 23600/inf: episode: 353, level: 1, particle: 152, episode steps: 66, episode reward: 0.8585, episode rob: 0.1526, new memory entries: 67
 23667/inf: episode: 354, level: 1, particle: 153, episode steps: 67, episode reward: 0.8405, episode rob: 0.1737, new memory entries: 68
 23733/inf: episode: 355, level: 1, particle: 154, episode steps: 66, episode reward: 0.8598, episode rob: 0.1511, new memory entries: 67
 23800/inf: episode: 356, level: 1, particle: 155, episode steps: 67, episode reward: 0.8414, episode rob: 0.1727, new memory entries: 68
 23868/inf: episode: 357, level: 1, particle: 156, episode steps: 68, episode reward: 0.8589, episode rob: 0.1521, new memory entries: 69
 23935/inf: episode: 358, level: 1, particle: 157, episode steps: 67, episode reward: 0.8327, episode rob: 0.1831, new memory entries: 68
 24002/inf: episode: 359, level: 1, particle: 158, episode steps: 67, episode reward: 0.8578, episode rob: 0.1533, new memory entries: 68